2018-08-25 17:12:18.492 http-nio-8081-exec-4 DEBUG com.kuliao.oa.controller.OaWelfareController.insertWelfare:47 - insert Welfare..........
2018-08-25 17:12:18.603 http-nio-8081-exec-4 DEBUG com.kuliao.oa.db.mapper.OaWelfareMapper.insert.debug:159 - ==>  Preparing: insert into oa_welfare (id, welfare_type, gift_description, release_time, specific_holiday, unit_price, w_number, now_year, welfare_state, remark) values (?, ?, ?, ?, ?, ?, ?, ?, ?, ?) 
2018-08-25 17:12:18.619 http-nio-8081-exec-4 DEBUG com.kuliao.oa.db.mapper.OaWelfareMapper.insert.debug:159 - ==> Parameters: null, 生日福利(String), 放热峰(String), 2018-08-17(String), 而非(String), 465.0(Double), 41(Integer), 2018(String), true(Boolean), null
2018-08-25 17:12:18.795 http-nio-8081-exec-4 DEBUG com.kuliao.oa.db.mapper.OaWelfareMapper.insert.debug:159 - <==    Updates: 1
2018-08-25 17:12:19.443 http-nio-8081-exec-5 DEBUG com.kuliao.oa.db.mapper.OaWelfareMapper.selectWelfare.debug:159 - ==>  Preparing: select id, welfare_type, gift_description, release_time, specific_holiday, unit_price, w_number, now_year, welfare_state, remark from oa_welfare where welfare_state=true and now_year=? 
2018-08-25 17:12:19.446 http-nio-8081-exec-5 DEBUG com.kuliao.oa.db.mapper.OaWelfareMapper.selectWelfare.debug:159 - ==> Parameters: 2018(String)
2018-08-25 17:12:19.499 http-nio-8081-exec-5 DEBUG com.kuliao.oa.db.mapper.OaWelfareMapper.selectWelfare.debug:159 - <==      Total: 25
2018-08-25 17:12:19.501 http-nio-8081-exec-6 DEBUG com.kuliao.oa.db.mapper.OaWelfareMapper.selectBirthdayCount.debug:159 - ==>  Preparing: select COUNT(id) from oa_welfare where welfare_state=true and welfare_type='生日福利' and now_year=? 
2018-08-25 17:12:19.507 http-nio-8081-exec-6 DEBUG com.kuliao.oa.db.mapper.OaWelfareMapper.selectBirthdayCount.debug:159 - ==> Parameters: 2018(String)
2018-08-25 17:12:19.537 http-nio-8081-exec-6 DEBUG com.kuliao.oa.db.mapper.OaWelfareMapper.selectBirthdayCount.debug:159 - <==      Total: 1
2018-08-25 17:12:19.540 http-nio-8081-exec-6 DEBUG com.kuliao.oa.db.mapper.OaWelfareMapper.selectBirthdayCost.debug:159 - ==>  Preparing: select SUM(unit_price*w_number) from oa_welfare where welfare_state=true and welfare_type='生日福利' and now_year=? 
2018-08-25 17:12:19.542 http-nio-8081-exec-6 DEBUG com.kuliao.oa.db.mapper.OaWelfareMapper.selectBirthdayCost.debug:159 - ==> Parameters: 2018(String)
2018-08-25 17:12:19.546 http-nio-8081-exec-6 DEBUG com.kuliao.oa.db.mapper.OaWelfareMapper.selectBirthdayCost.debug:159 - <==      Total: 1
2018-08-25 17:12:19.548 http-nio-8081-exec-6 DEBUG com.kuliao.oa.db.mapper.OaWelfareMapper.selectHolidayCount.debug:159 - ==>  Preparing: select COUNT(id) from oa_welfare where welfare_state=true and welfare_type='节假日福利' and now_year=? 
2018-08-25 17:12:19.550 http-nio-8081-exec-6 DEBUG com.kuliao.oa.db.mapper.OaWelfareMapper.selectHolidayCount.debug:159 - ==> Parameters: 2018(String)
2018-08-25 17:12:19.552 http-nio-8081-exec-6 DEBUG com.kuliao.oa.db.mapper.OaWelfareMapper.selectHolidayCount.debug:159 - <==      Total: 1
2018-08-25 17:12:19.555 http-nio-8081-exec-6 DEBUG com.kuliao.oa.db.mapper.OaWelfareMapper.selectHolidayCost.debug:159 - ==>  Preparing: select SUM(unit_price*w_number) from oa_welfare where welfare_state=true and welfare_type='节假日福利' and now_year=? 
2018-08-25 17:12:19.557 http-nio-8081-exec-6 DEBUG com.kuliao.oa.db.mapper.OaWelfareMapper.selectHolidayCost.debug:159 - ==> Parameters: 2018(String)
2018-08-25 17:12:19.560 http-nio-8081-exec-6 DEBUG com.kuliao.oa.db.mapper.OaWelfareMapper.selectHolidayCost.debug:159 - <==      Total: 1
2018-08-25 17:12:37.631 http-nio-8081-exec-7 DEBUG com.kuliao.oa.controller.OaWelfareController.insertWelfare:47 - insert Welfare..........
2018-08-25 17:12:37.633 http-nio-8081-exec-7 DEBUG com.kuliao.oa.db.mapper.OaWelfareMapper.insert.debug:159 - ==>  Preparing: insert into oa_welfare (id, welfare_type, gift_description, release_time, specific_holiday, unit_price, w_number, now_year, welfare_state, remark) values (?, ?, ?, ?, ?, ?, ?, ?, ?, ?) 
2018-08-25 17:12:37.637 http-nio-8081-exec-7 DEBUG com.kuliao.oa.db.mapper.OaWelfareMapper.insert.debug:159 - ==> Parameters: null, 生日福利(String), 都发的(String), 2018-08-07(String), 都发的(String), 54.0(Double), 54(Integer), 2018(String), true(Boolean), null
2018-08-25 17:12:37.675 http-nio-8081-exec-7 DEBUG com.kuliao.oa.db.mapper.OaWelfareMapper.insert.debug:159 - <==    Updates: 1
2018-08-25 17:12:38.111 http-nio-8081-exec-9 DEBUG com.kuliao.oa.db.mapper.OaWelfareMapper.selectBirthdayCount.debug:159 - ==>  Preparing: select COUNT(id) from oa_welfare where welfare_state=true and welfare_type='生日福利' and now_year=? 
2018-08-25 17:12:38.113 http-nio-8081-exec-9 DEBUG com.kuliao.oa.db.mapper.OaWelfareMapper.selectBirthdayCount.debug:159 - ==> Parameters: 2018(String)
2018-08-25 17:12:38.113 http-nio-8081-exec-8 DEBUG com.kuliao.oa.db.mapper.OaWelfareMapper.selectWelfare.debug:159 - ==>  Preparing: select id, welfare_type, gift_description, release_time, specific_holiday, unit_price, w_number, now_year, welfare_state, remark from oa_welfare where welfare_state=true and now_year=? 
2018-08-25 17:12:38.116 http-nio-8081-exec-9 DEBUG com.kuliao.oa.db.mapper.OaWelfareMapper.selectBirthdayCount.debug:159 - <==      Total: 1
2018-08-25 17:12:38.116 http-nio-8081-exec-8 DEBUG com.kuliao.oa.db.mapper.OaWelfareMapper.selectWelfare.debug:159 - ==> Parameters: 2018(String)
2018-08-25 17:12:38.118 http-nio-8081-exec-9 DEBUG com.kuliao.oa.db.mapper.OaWelfareMapper.selectBirthdayCost.debug:159 - ==>  Preparing: select SUM(unit_price*w_number) from oa_welfare where welfare_state=true and welfare_type='生日福利' and now_year=? 
2018-08-25 17:12:38.124 http-nio-8081-exec-9 DEBUG com.kuliao.oa.db.mapper.OaWelfareMapper.selectBirthdayCost.debug:159 - ==> Parameters: 2018(String)
2018-08-25 17:12:38.127 http-nio-8081-exec-9 DEBUG com.kuliao.oa.db.mapper.OaWelfareMapper.selectBirthdayCost.debug:159 - <==      Total: 1
2018-08-25 17:12:38.130 http-nio-8081-exec-9 DEBUG com.kuliao.oa.db.mapper.OaWelfareMapper.selectHolidayCount.debug:159 - ==>  Preparing: select COUNT(id) from oa_welfare where welfare_state=true and welfare_type='节假日福利' and now_year=? 
2018-08-25 17:12:38.131 http-nio-8081-exec-9 DEBUG com.kuliao.oa.db.mapper.OaWelfareMapper.selectHolidayCount.debug:159 - ==> Parameters: 2018(String)
2018-08-25 17:12:38.134 http-nio-8081-exec-9 DEBUG com.kuliao.oa.db.mapper.OaWelfareMapper.selectHolidayCount.debug:159 - <==      Total: 1
2018-08-25 17:12:38.141 http-nio-8081-exec-9 DEBUG com.kuliao.oa.db.mapper.OaWelfareMapper.selectHolidayCost.debug:159 - ==>  Preparing: select SUM(unit_price*w_number) from oa_welfare where welfare_state=true and welfare_type='节假日福利' and now_year=? 
2018-08-25 17:12:38.142 http-nio-8081-exec-9 DEBUG com.kuliao.oa.db.mapper.OaWelfareMapper.selectHolidayCost.debug:159 - ==> Parameters: 2018(String)
2018-08-25 17:12:38.146 http-nio-8081-exec-9 DEBUG com.kuliao.oa.db.mapper.OaWelfareMapper.selectHolidayCost.debug:159 - <==      Total: 1
2018-08-25 17:12:38.156 http-nio-8081-exec-8 DEBUG com.kuliao.oa.db.mapper.OaWelfareMapper.selectWelfare.debug:159 - <==      Total: 26
2018-08-25 17:12:56.416 http-nio-8081-exec-10 DEBUG com.kuliao.oa.controller.OaWelfareController.insertWelfare:47 - insert Welfare..........
2018-08-25 17:12:56.418 http-nio-8081-exec-10 DEBUG com.kuliao.oa.db.mapper.OaWelfareMapper.insert.debug:159 - ==>  Preparing: insert into oa_welfare (id, welfare_type, gift_description, release_time, specific_holiday, unit_price, w_number, now_year, welfare_state, remark) values (?, ?, ?, ?, ?, ?, ?, ?, ?, ?) 
2018-08-25 17:12:56.423 http-nio-8081-exec-10 DEBUG com.kuliao.oa.db.mapper.OaWelfareMapper.insert.debug:159 - ==> Parameters: null, 生日福利(String), 手动阀手动阀(String), 2018-08-16(String), 士大夫似的(String), 654.0(Double), 21(Integer), 2018(String), true(Boolean), null
2018-08-25 17:12:56.464 http-nio-8081-exec-10 DEBUG com.kuliao.oa.db.mapper.OaWelfareMapper.insert.debug:159 - <==    Updates: 1
2018-08-25 17:12:56.914 http-nio-8081-exec-1 DEBUG com.kuliao.oa.db.mapper.OaWelfareMapper.selectWelfare.debug:159 - ==>  Preparing: select id, welfare_type, gift_description, release_time, specific_holiday, unit_price, w_number, now_year, welfare_state, remark from oa_welfare where welfare_state=true and now_year=? 
2018-08-25 17:12:56.916 http-nio-8081-exec-1 DEBUG com.kuliao.oa.db.mapper.OaWelfareMapper.selectWelfare.debug:159 - ==> Parameters: 2018(String)
2018-08-25 17:12:56.947 http-nio-8081-exec-3 DEBUG com.kuliao.oa.db.mapper.OaWelfareMapper.selectBirthdayCount.debug:159 - ==>  Preparing: select COUNT(id) from oa_welfare where welfare_state=true and welfare_type='生日福利' and now_year=? 
2018-08-25 17:12:56.949 http-nio-8081-exec-1 DEBUG com.kuliao.oa.db.mapper.OaWelfareMapper.selectWelfare.debug:159 - <==      Total: 27
2018-08-25 17:12:56.949 http-nio-8081-exec-3 DEBUG com.kuliao.oa.db.mapper.OaWelfareMapper.selectBirthdayCount.debug:159 - ==> Parameters: 2018(String)
2018-08-25 17:12:56.952 http-nio-8081-exec-3 DEBUG com.kuliao.oa.db.mapper.OaWelfareMapper.selectBirthdayCount.debug:159 - <==      Total: 1
2018-08-25 17:12:56.957 http-nio-8081-exec-3 DEBUG com.kuliao.oa.db.mapper.OaWelfareMapper.selectBirthdayCost.debug:159 - ==>  Preparing: select SUM(unit_price*w_number) from oa_welfare where welfare_state=true and welfare_type='生日福利' and now_year=? 
2018-08-25 17:12:56.960 http-nio-8081-exec-3 DEBUG com.kuliao.oa.db.mapper.OaWelfareMapper.selectBirthdayCost.debug:159 - ==> Parameters: 2018(String)
2018-08-25 17:12:56.962 http-nio-8081-exec-3 DEBUG com.kuliao.oa.db.mapper.OaWelfareMapper.selectBirthdayCost.debug:159 - <==      Total: 1
2018-08-25 17:12:56.965 http-nio-8081-exec-3 DEBUG com.kuliao.oa.db.mapper.OaWelfareMapper.selectHolidayCount.debug:159 - ==>  Preparing: select COUNT(id) from oa_welfare where welfare_state=true and welfare_type='节假日福利' and now_year=? 
2018-08-25 17:12:56.966 http-nio-8081-exec-3 DEBUG com.kuliao.oa.db.mapper.OaWelfareMapper.selectHolidayCount.debug:159 - ==> Parameters: 2018(String)
2018-08-25 17:12:56.969 http-nio-8081-exec-3 DEBUG com.kuliao.oa.db.mapper.OaWelfareMapper.selectHolidayCount.debug:159 - <==      Total: 1
2018-08-25 17:12:56.972 http-nio-8081-exec-3 DEBUG com.kuliao.oa.db.mapper.OaWelfareMapper.selectHolidayCost.debug:159 - ==>  Preparing: select SUM(unit_price*w_number) from oa_welfare where welfare_state=true and welfare_type='节假日福利' and now_year=? 
2018-08-25 17:12:56.976 http-nio-8081-exec-3 DEBUG com.kuliao.oa.db.mapper.OaWelfareMapper.selectHolidayCost.debug:159 - ==> Parameters: 2018(String)
2018-08-25 17:12:56.980 http-nio-8081-exec-3 DEBUG com.kuliao.oa.db.mapper.OaWelfareMapper.selectHolidayCost.debug:159 - <==      Total: 1
2018-08-25 19:12:01.562 http-nio-8081-exec-2 DEBUG com.kuliao.oa.db.mapper.OaTrainMapper.selectOaTrain.debug:159 - ==>  Preparing: select id, trainer, training_content, training_place, trainees, training_time, training_state from oa_train where training_state=true 
2018-08-25 19:12:01.572 http-nio-8081-exec-2 DEBUG com.kuliao.oa.db.mapper.OaTrainMapper.selectOaTrain.debug:159 - ==> Parameters: 
2018-08-25 19:12:01.652 http-nio-8081-exec-2 DEBUG com.kuliao.oa.db.mapper.OaTrainMapper.selectOaTrain.debug:159 - <==      Total: 5
2018-08-25 19:15:53.133 http-nio-8081-exec-4 DEBUG com.kuliao.oa.db.mapper.OaLaborRelationsMapper.selectOaLaborRelations.debug:159 - ==>  Preparing: select id, contract_id, employee_number, employee_name, contract_type, contract_start_date, contract_end_date, labor_state, labor_reamrk from oa_labor_relations where labor_state=true 
2018-08-25 19:15:53.135 http-nio-8081-exec-4 DEBUG com.kuliao.oa.db.mapper.OaLaborRelationsMapper.selectOaLaborRelations.debug:159 - ==> Parameters: 
2018-08-25 19:15:53.180 http-nio-8081-exec-4 DEBUG com.kuliao.oa.db.mapper.OaLaborRelationsMapper.selectOaLaborRelations.debug:159 - <==      Total: 9
2018-08-25 19:17:50.472 http-nio-8081-exec-5 DEBUG com.kuliao.oa.db.mapper.OaLaborRelationsMapper.selectOaLaborRelations.debug:159 - ==>  Preparing: select id, contract_id, employee_number, employee_name, contract_type, contract_start_date, contract_end_date, labor_state, labor_reamrk from oa_labor_relations where labor_state=true 
2018-08-25 19:17:50.475 http-nio-8081-exec-5 DEBUG com.kuliao.oa.db.mapper.OaLaborRelationsMapper.selectOaLaborRelations.debug:159 - ==> Parameters: 
2018-08-25 19:17:50.577 http-nio-8081-exec-5 DEBUG com.kuliao.oa.db.mapper.OaLaborRelationsMapper.selectOaLaborRelations.debug:159 - <==      Total: 9
2018-08-25 19:18:43.922 http-nio-8081-exec-6 DEBUG com.kuliao.oa.db.mapper.OaLaborRelationsMapper.selectOaLaborRelations.debug:159 - ==>  Preparing: select id, contract_id, employee_number, employee_name, contract_type, contract_start_date, contract_end_date, labor_state, labor_reamrk from oa_labor_relations where labor_state=true 
2018-08-25 19:18:43.924 http-nio-8081-exec-6 DEBUG com.kuliao.oa.db.mapper.OaLaborRelationsMapper.selectOaLaborRelations.debug:159 - ==> Parameters: 
2018-08-25 19:18:43.930 http-nio-8081-exec-6 DEBUG com.kuliao.oa.db.mapper.OaLaborRelationsMapper.selectOaLaborRelations.debug:159 - <==      Total: 9
2018-08-25 19:19:52.215 http-nio-8081-exec-7 DEBUG com.kuliao.oa.db.mapper.OaLaborRelationsMapper.selectOaLaborRelations.debug:159 - ==>  Preparing: select id, contract_id, employee_number, employee_name, contract_type, contract_start_date, contract_end_date, labor_state, labor_reamrk from oa_labor_relations where labor_state=true 
2018-08-25 19:19:52.218 http-nio-8081-exec-7 DEBUG com.kuliao.oa.db.mapper.OaLaborRelationsMapper.selectOaLaborRelations.debug:159 - ==> Parameters: 
2018-08-25 19:19:52.252 http-nio-8081-exec-7 DEBUG com.kuliao.oa.db.mapper.OaLaborRelationsMapper.selectOaLaborRelations.debug:159 - <==      Total: 9
2018-08-25 19:20:41.901 http-nio-8081-exec-9 DEBUG com.kuliao.oa.db.mapper.OaLaborRelationsMapper.selectOaLaborRelations.debug:159 - ==>  Preparing: select id, contract_id, employee_number, employee_name, contract_type, contract_start_date, contract_end_date, labor_state, labor_reamrk from oa_labor_relations where labor_state=true 
2018-08-25 19:20:41.904 http-nio-8081-exec-9 DEBUG com.kuliao.oa.db.mapper.OaLaborRelationsMapper.selectOaLaborRelations.debug:159 - ==> Parameters: 
2018-08-25 19:20:41.914 http-nio-8081-exec-9 DEBUG com.kuliao.oa.db.mapper.OaLaborRelationsMapper.selectOaLaborRelations.debug:159 - <==      Total: 9
2018-08-25 19:20:55.424 http-nio-8081-exec-8 DEBUG com.kuliao.oa.db.mapper.OaLaborRelationsMapper.selectOaLaborRelations.debug:159 - ==>  Preparing: select id, contract_id, employee_number, employee_name, contract_type, contract_start_date, contract_end_date, labor_state, labor_reamrk from oa_labor_relations where labor_state=true 
2018-08-25 19:20:55.427 http-nio-8081-exec-8 DEBUG com.kuliao.oa.db.mapper.OaLaborRelationsMapper.selectOaLaborRelations.debug:159 - ==> Parameters: 
2018-08-25 19:20:55.435 http-nio-8081-exec-8 DEBUG com.kuliao.oa.db.mapper.OaLaborRelationsMapper.selectOaLaborRelations.debug:159 - <==      Total: 9
2018-08-25 19:21:14.416 http-nio-8081-exec-10 DEBUG com.kuliao.oa.db.mapper.OaLaborRelationsMapper.selectOaLaborRelations.debug:159 - ==>  Preparing: select id, contract_id, employee_number, employee_name, contract_type, contract_start_date, contract_end_date, labor_state, labor_reamrk from oa_labor_relations where labor_state=true 
2018-08-25 19:21:14.418 http-nio-8081-exec-10 DEBUG com.kuliao.oa.db.mapper.OaLaborRelationsMapper.selectOaLaborRelations.debug:159 - ==> Parameters: 
2018-08-25 19:21:14.428 http-nio-8081-exec-10 DEBUG com.kuliao.oa.db.mapper.OaLaborRelationsMapper.selectOaLaborRelations.debug:159 - <==      Total: 9
2018-08-25 19:28:10.720 http-nio-8081-exec-2 DEBUG com.kuliao.oa.controller.OaLaborRelationController.updateLaborRelation:61 - update LaborRelation..........
2018-08-25 19:28:10.725 http-nio-8081-exec-2 DEBUG com.kuliao.oa.db.mapper.OaLaborRelationsMapper.updateByPrimaryKey.debug:159 - ==>  Preparing: update oa_labor_relations set contract_id = ?, employee_number = ?, employee_name = ?, contract_type = ?, contract_start_date = ?, contract_end_date = ?, labor_state = ?, labor_reamrk = ? where id = ? 
2018-08-25 19:28:10.747 http-nio-8081-exec-2 DEBUG com.kuliao.oa.db.mapper.OaLaborRelationsMapper.updateByPrimaryKey.debug:159 - ==> Parameters: xy45454551(String), 000263(String), 大饼(String), 试用期协议(String), 2018-08-06(String), 2019-08-31(String), true(Boolean), null, 10015(Integer)
2018-08-25 19:28:10.846 http-nio-8081-exec-2 DEBUG com.kuliao.oa.db.mapper.OaLaborRelationsMapper.updateByPrimaryKey.debug:159 - <==    Updates: 1
2018-08-25 19:28:11.272 http-nio-8081-exec-4 DEBUG com.kuliao.oa.db.mapper.OaLaborRelationsMapper.selectOaLaborRelations.debug:159 - ==>  Preparing: select id, contract_id, employee_number, employee_name, contract_type, contract_start_date, contract_end_date, labor_state, labor_reamrk from oa_labor_relations where labor_state=true 
2018-08-25 19:28:11.275 http-nio-8081-exec-4 DEBUG com.kuliao.oa.db.mapper.OaLaborRelationsMapper.selectOaLaborRelations.debug:159 - ==> Parameters: 
2018-08-25 19:28:11.292 http-nio-8081-exec-4 DEBUG com.kuliao.oa.db.mapper.OaLaborRelationsMapper.selectOaLaborRelations.debug:159 - <==      Total: 9
2018-08-25 19:28:56.012 http-nio-8081-exec-9 DEBUG com.kuliao.oa.controller.OaLaborRelationController.updateLaborRelation:61 - update LaborRelation..........
2018-08-25 19:28:56.014 http-nio-8081-exec-9 DEBUG com.kuliao.oa.db.mapper.OaLaborRelationsMapper.updateByPrimaryKey.debug:159 - ==>  Preparing: update oa_labor_relations set contract_id = ?, employee_number = ?, employee_name = ?, contract_type = ?, contract_start_date = ?, contract_end_date = ?, labor_state = ?, labor_reamrk = ? where id = ? 
2018-08-25 19:28:56.016 http-nio-8081-exec-9 DEBUG com.kuliao.oa.db.mapper.OaLaborRelationsMapper.updateByPrimaryKey.debug:159 - ==> Parameters: jk10042131(String), 111111(String), jklove(String), 劳动合同(String), 2018-08-16(String), 2018-08-29(String), true(Boolean), null, 10018(Integer)
2018-08-25 19:28:56.051 http-nio-8081-exec-9 DEBUG com.kuliao.oa.db.mapper.OaLaborRelationsMapper.updateByPrimaryKey.debug:159 - <==    Updates: 1
2018-08-25 19:28:56.477 http-nio-8081-exec-8 DEBUG com.kuliao.oa.db.mapper.OaLaborRelationsMapper.selectOaLaborRelations.debug:159 - ==>  Preparing: select id, contract_id, employee_number, employee_name, contract_type, contract_start_date, contract_end_date, labor_state, labor_reamrk from oa_labor_relations where labor_state=true 
2018-08-25 19:28:56.479 http-nio-8081-exec-8 DEBUG com.kuliao.oa.db.mapper.OaLaborRelationsMapper.selectOaLaborRelations.debug:159 - ==> Parameters: 
2018-08-25 19:28:56.488 http-nio-8081-exec-8 DEBUG com.kuliao.oa.db.mapper.OaLaborRelationsMapper.selectOaLaborRelations.debug:159 - <==      Total: 9
2018-08-25 19:29:01.617 http-nio-8081-exec-10 DEBUG com.kuliao.oa.controller.OaLaborRelationController.updateLaborRelation:61 - update LaborRelation..........
2018-08-25 19:29:01.619 http-nio-8081-exec-10 DEBUG com.kuliao.oa.db.mapper.OaLaborRelationsMapper.updateByPrimaryKey.debug:159 - ==>  Preparing: update oa_labor_relations set contract_id = ?, employee_number = ?, employee_name = ?, contract_type = ?, contract_start_date = ?, contract_end_date = ?, labor_state = ?, labor_reamrk = ? where id = ? 
2018-08-25 19:29:01.621 http-nio-8081-exec-10 DEBUG com.kuliao.oa.db.mapper.OaLaborRelationsMapper.updateByPrimaryKey.debug:159 - ==> Parameters: jk10042131(String), 111111(String), jklove(String), 劳动合同(String), 2018-08-23(String), 2018-08-29(String), true(Boolean), null, 10018(Integer)
2018-08-25 19:29:01.652 http-nio-8081-exec-10 DEBUG com.kuliao.oa.db.mapper.OaLaborRelationsMapper.updateByPrimaryKey.debug:159 - <==    Updates: 1
2018-08-25 19:29:02.070 http-nio-8081-exec-1 DEBUG com.kuliao.oa.db.mapper.OaLaborRelationsMapper.selectOaLaborRelations.debug:159 - ==>  Preparing: select id, contract_id, employee_number, employee_name, contract_type, contract_start_date, contract_end_date, labor_state, labor_reamrk from oa_labor_relations where labor_state=true 
2018-08-25 19:29:02.074 http-nio-8081-exec-1 DEBUG com.kuliao.oa.db.mapper.OaLaborRelationsMapper.selectOaLaborRelations.debug:159 - ==> Parameters: 
2018-08-25 19:29:02.082 http-nio-8081-exec-1 DEBUG com.kuliao.oa.db.mapper.OaLaborRelationsMapper.selectOaLaborRelations.debug:159 - <==      Total: 9
2018-08-25 19:30:43.927 http-nio-8081-exec-4 DEBUG com.kuliao.oa.controller.OaLaborRelationController.updateLaborRelation:61 - update LaborRelation..........
2018-08-25 19:30:43.929 http-nio-8081-exec-4 DEBUG com.kuliao.oa.db.mapper.OaLaborRelationsMapper.updateByPrimaryKey.debug:159 - ==>  Preparing: update oa_labor_relations set contract_id = ?, employee_number = ?, employee_name = ?, contract_type = ?, contract_start_date = ?, contract_end_date = ?, labor_state = ?, labor_reamrk = ? where id = ? 
2018-08-25 19:30:43.931 http-nio-8081-exec-4 DEBUG com.kuliao.oa.db.mapper.OaLaborRelationsMapper.updateByPrimaryKey.debug:159 - ==> Parameters: xy5445d4dfg5(String), 545445(String), 丘吉尔(String), 劳动合同(String), 2017-11-08(String), 2018-07-25(String), true(Boolean), null, 10006(Integer)
2018-08-25 19:30:43.991 http-nio-8081-exec-4 DEBUG com.kuliao.oa.db.mapper.OaLaborRelationsMapper.updateByPrimaryKey.debug:159 - <==    Updates: 1
2018-08-25 19:30:44.397 http-nio-8081-exec-5 DEBUG com.kuliao.oa.db.mapper.OaLaborRelationsMapper.selectOaLaborRelations.debug:159 - ==>  Preparing: select id, contract_id, employee_number, employee_name, contract_type, contract_start_date, contract_end_date, labor_state, labor_reamrk from oa_labor_relations where labor_state=true 
2018-08-25 19:30:44.399 http-nio-8081-exec-5 DEBUG com.kuliao.oa.db.mapper.OaLaborRelationsMapper.selectOaLaborRelations.debug:159 - ==> Parameters: 
2018-08-25 19:30:44.407 http-nio-8081-exec-5 DEBUG com.kuliao.oa.db.mapper.OaLaborRelationsMapper.selectOaLaborRelations.debug:159 - <==      Total: 9
