2018-08-28 09:43:58.096 main INFO  com.kuliao.oa.OaHrApp1.logStarting:50 - Starting OaHrApp1 on DESKTOP-Q6UH8IF with PID 27500 (F:\KLOA\trunk\oa-hr\target\classes started by 001 in F:\KLOA\trunk)
2018-08-28 09:43:58.102 main DEBUG com.kuliao.oa.OaHrApp1.logStarting:53 - Running with Spring Boot v2.0.2.RELEASE, Spring v5.0.6.RELEASE
2018-08-28 09:43:58.105 main INFO  com.kuliao.oa.OaHrApp1.logStartupProfileInfo:659 - No active profile set, falling back to default profiles: default
2018-08-28 09:43:58.366 main INFO  org.springframework.boot.web.servlet.context.AnnotationConfigServletWebServerApplicationContext.prepareRefresh:590 - Refreshing org.springframework.boot.web.servlet.context.AnnotationConfigServletWebServerApplicationContext@1304f14: startup date [Tue Aug 28 09:43:58 CST 2018]; root of context hierarchy
2018-08-28 09:44:00.927 main WARN  org.mybatis.spring.mapper.ClassPathMapperScanner.checkCandidate:239 - Skipping MapperFactoryBean with name 'archivesEmpMapper' and 'com.kuliao.oa.db.mapper.ArchivesEmpMapper' mapperInterface. Bean already defined with the same name!
2018-08-28 09:44:00.930 main WARN  org.mybatis.spring.mapper.ClassPathMapperScanner.checkCandidate:239 - Skipping MapperFactoryBean with name 'archivesFamilyMapper' and 'com.kuliao.oa.db.mapper.ArchivesFamilyMapper' mapperInterface. Bean already defined with the same name!
2018-08-28 09:44:00.932 main WARN  org.mybatis.spring.mapper.ClassPathMapperScanner.checkCandidate:239 - Skipping MapperFactoryBean with name 'archivesMapper' and 'com.kuliao.oa.db.mapper.ArchivesMapper' mapperInterface. Bean already defined with the same name!
2018-08-28 09:44:00.933 main WARN  org.mybatis.spring.mapper.ClassPathMapperScanner.checkCandidate:239 - Skipping MapperFactoryBean with name 'archivesSkillMapper' and 'com.kuliao.oa.db.mapper.ArchivesSkillMapper' mapperInterface. Bean already defined with the same name!
2018-08-28 09:44:00.933 main WARN  org.mybatis.spring.mapper.ClassPathMapperScanner.checkCandidate:239 - Skipping MapperFactoryBean with name 'archivesUrgentMapper' and 'com.kuliao.oa.db.mapper.ArchivesUrgentMapper' mapperInterface. Bean already defined with the same name!
2018-08-28 09:44:00.934 main WARN  org.mybatis.spring.mapper.ClassPathMapperScanner.checkCandidate:239 - Skipping MapperFactoryBean with name 'oaLaborRelationsMapper' and 'com.kuliao.oa.db.mapper.OaLaborRelationsMapper' mapperInterface. Bean already defined with the same name!
2018-08-28 09:44:00.935 main WARN  org.mybatis.spring.mapper.ClassPathMapperScanner.checkCandidate:239 - Skipping MapperFactoryBean with name 'oaTrainMapper' and 'com.kuliao.oa.db.mapper.OaTrainMapper' mapperInterface. Bean already defined with the same name!
2018-08-28 09:44:00.935 main WARN  org.mybatis.spring.mapper.ClassPathMapperScanner.checkCandidate:239 - Skipping MapperFactoryBean with name 'oaWelfareMapper' and 'com.kuliao.oa.db.mapper.OaWelfareMapper' mapperInterface. Bean already defined with the same name!
2018-08-28 09:44:00.936 main WARN  org.mybatis.spring.mapper.ClassPathMapperScanner.checkCandidate:239 - Skipping MapperFactoryBean with name 'skillMapper' and 'com.kuliao.oa.db.mapper.SkillMapper' mapperInterface. Bean already defined with the same name!
2018-08-28 09:44:00.936 main WARN  org.mybatis.spring.mapper.ClassPathMapperScanner.doScan:166 - No MyBatis mapper was found in '[com.kuliao.oa.db.mapper]' package. Please check your configuration.
2018-08-28 09:44:02.734 main INFO  org.springframework.boot.web.embedded.tomcat.TomcatWebServer.initialize:91 - Tomcat initialized with port(s): 8081 (http)
2018-08-28 09:44:02.764 main INFO  org.apache.coyote.http11.Http11NioProtocol.log:180 - Initializing ProtocolHandler ["http-nio-8081"]
2018-08-28 09:44:02.792 main INFO  org.apache.catalina.core.StandardService.log:180 - Starting service [Tomcat]
2018-08-28 09:44:02.793 main INFO  org.apache.catalina.core.StandardEngine.log:180 - Starting Servlet Engine: Apache Tomcat/8.5.31
2018-08-28 09:44:02.800 localhost-startStop-1 INFO  org.apache.catalina.core.AprLifecycleListener.log:180 - The APR based Apache Tomcat Native library which allows optimal performance in production environments was not found on the java.library.path: [C:\Program Files (x86)\Java\jdk1.8.0_101\bin;C:\WINDOWS\Sun\Java\bin;C:\WINDOWS\system32;C:\WINDOWS;C:\ProgramData\Oracle\Java\javapath;C:\WINDOWS\system32;C:\WINDOWS;C:\WINDOWS\System32\Wbem;C:\Program Files (x86)\Java\jdk1.8.0_101\bin;C:\Program Files (x86)\Java\jdk1.8.0_101\jre\bin;E:\IDEA\spring-boot-cli-1.5.9.RELEASE-bin\spring-1.5.9.RELEASE\bin;E:\SVN\svn\bin;C:\WINDOWS\System32\WindowsPowerShell\v1.0\;C:\Program Files\TortoiseGit\bin;E:\GIT\GITsoftware\Git\cmd;E:\maven\apache-maven-3.5.0\bin;E:\NodeJs\;E:\Python;C:\Users\001\AppData\Local\Microsoft\WindowsApps;C:\Users\001\AppData\Roaming\npm;.]
2018-08-28 09:44:03.147 localhost-startStop-1 INFO  org.apache.catalina.core.ContainerBase.[Tomcat].[localhost].[/].log:180 - Initializing Spring embedded WebApplicationContext
2018-08-28 09:44:03.148 localhost-startStop-1 INFO  org.springframework.web.context.ContextLoader.prepareWebApplicationContext:285 - Root WebApplicationContext: initialization completed in 4782 ms
2018-08-28 09:44:03.455 localhost-startStop-1 INFO  org.springframework.boot.web.servlet.ServletRegistrationBean.addRegistration:185 - Servlet dispatcherServlet mapped to [/]
2018-08-28 09:44:03.480 localhost-startStop-1 INFO  org.springframework.boot.web.servlet.FilterRegistrationBean.configure:244 - Mapping filter: 'characterEncodingFilter' to: [/*]
2018-08-28 09:44:03.481 localhost-startStop-1 INFO  org.springframework.boot.web.servlet.FilterRegistrationBean.configure:244 - Mapping filter: 'hiddenHttpMethodFilter' to: [/*]
2018-08-28 09:44:03.481 localhost-startStop-1 INFO  org.springframework.boot.web.servlet.FilterRegistrationBean.configure:244 - Mapping filter: 'httpPutFormContentFilter' to: [/*]
2018-08-28 09:44:03.481 localhost-startStop-1 INFO  org.springframework.boot.web.servlet.FilterRegistrationBean.configure:244 - Mapping filter: 'requestContextFilter' to: [/*]
2018-08-28 09:44:06.119 main INFO  org.springframework.web.servlet.handler.SimpleUrlHandlerMapping.registerHandler:373 - Mapped URL path [/**/favicon.ico] onto handler of type [class org.springframework.web.servlet.resource.ResourceHttpRequestHandler]
2018-08-28 09:44:07.370 main INFO  org.springframework.web.servlet.mvc.method.annotation.RequestMappingHandlerAdapter.initControllerAdviceCache:574 - Looking for @ControllerAdvice: org.springframework.boot.web.servlet.context.AnnotationConfigServletWebServerApplicationContext@1304f14: startup date [Tue Aug 28 09:43:58 CST 2018]; root of context hierarchy
2018-08-28 09:44:07.548 main INFO  org.springframework.web.servlet.mvc.method.annotation.RequestMappingHandlerMapping.register:547 - Mapped "{[/hr/OaLaborRelation/updateLaborRelation]}" onto public org.springframework.http.ResponseEntity<com.kuliao.oa.domain.RetEntity> com.kuliao.oa.controller.OaLaborRelationController.updateLaborRelation(com.kuliao.oa.db.model.OaLaborRelations)
2018-08-28 09:44:07.550 main INFO  org.springframework.web.servlet.mvc.method.annotation.RequestMappingHandlerMapping.register:547 - Mapped "{[/hr/OaLaborRelation/selectOaLaborRelations]}" onto public org.springframework.http.ResponseEntity<com.kuliao.oa.domain.RetEntity<java.util.List<com.kuliao.oa.db.model.OaLaborRelations>>> com.kuliao.oa.controller.OaLaborRelationController.selectOaLaborRelations(com.kuliao.oa.db.model.OaLaborRelations)
2018-08-28 09:44:07.551 main INFO  org.springframework.web.servlet.mvc.method.annotation.RequestMappingHandlerMapping.register:547 - Mapped "{[/hr/OaLaborRelation/insertLaborRelation]}" onto public org.springframework.http.ResponseEntity<com.kuliao.oa.domain.RetEntity> com.kuliao.oa.controller.OaLaborRelationController.insertLaborRelation(com.kuliao.oa.db.model.OaLaborRelations)
2018-08-28 09:44:07.553 main INFO  org.springframework.web.servlet.mvc.method.annotation.RequestMappingHandlerMapping.register:547 - Mapped "{[/hr/OaLaborRelation/updateLaborRelationStateById]}" onto public org.springframework.http.ResponseEntity<com.kuliao.oa.domain.RetEntity> com.kuliao.oa.controller.OaLaborRelationController.updateLaborRelationStateById(int)
2018-08-28 09:44:07.559 main INFO  org.springframework.web.servlet.mvc.method.annotation.RequestMappingHandlerMapping.register:547 - Mapped "{[/hr/OaTrain/updateOaTrainStateById]}" onto public org.springframework.http.ResponseEntity<com.kuliao.oa.domain.RetEntity> com.kuliao.oa.controller.OaTrainController.updateTrainStateById(int)
2018-08-28 09:44:07.560 main INFO  org.springframework.web.servlet.mvc.method.annotation.RequestMappingHandlerMapping.register:547 - Mapped "{[/hr/OaTrain/insertTrain],methods=[POST]}" onto public org.springframework.http.ResponseEntity<com.kuliao.oa.domain.RetEntity> com.kuliao.oa.controller.OaTrainController.insertTrain(com.kuliao.oa.db.model.OaTrain)
2018-08-28 09:44:07.562 main INFO  org.springframework.web.servlet.mvc.method.annotation.RequestMappingHandlerMapping.register:547 - Mapped "{[/hr/OaTrain/selectOaTrain]}" onto public org.springframework.http.ResponseEntity<com.kuliao.oa.domain.RetEntity<java.util.List<com.kuliao.oa.db.model.OaTrain>>> com.kuliao.oa.controller.OaTrainController.selectOaTrain(com.kuliao.oa.db.model.OaTrain)
2018-08-28 09:44:07.562 main INFO  org.springframework.web.servlet.mvc.method.annotation.RequestMappingHandlerMapping.register:547 - Mapped "{[/hr/OaTrain/updateTrain]}" onto public org.springframework.http.ResponseEntity<com.kuliao.oa.domain.RetEntity> com.kuliao.oa.controller.OaTrainController.updateTrain(com.kuliao.oa.db.model.OaTrain)
2018-08-28 09:44:07.568 main INFO  org.springframework.web.servlet.mvc.method.annotation.RequestMappingHandlerMapping.register:547 - Mapped "{[/hr/OaWelfare/updateWelfareStateById]}" onto public org.springframework.http.ResponseEntity<com.kuliao.oa.domain.RetEntity> com.kuliao.oa.controller.OaWelfareController.updateWelfareStateById(int)
2018-08-28 09:44:07.569 main INFO  org.springframework.web.servlet.mvc.method.annotation.RequestMappingHandlerMapping.register:547 - Mapped "{[/hr/OaWelfare/insertWelfare]}" onto public org.springframework.http.ResponseEntity<com.kuliao.oa.domain.RetEntity> com.kuliao.oa.controller.OaWelfareController.insertWelfare(com.kuliao.oa.db.model.OaWelfare) throws java.lang.Exception
2018-08-28 09:44:07.570 main INFO  org.springframework.web.servlet.mvc.method.annotation.RequestMappingHandlerMapping.register:547 - Mapped "{[/hr/OaWelfare/updateWelfare]}" onto public org.springframework.http.ResponseEntity<com.kuliao.oa.db.model.OaWelfare> com.kuliao.oa.controller.OaWelfareController.updateWelfare(com.kuliao.oa.db.model.OaWelfare)
2018-08-28 09:44:07.572 main INFO  org.springframework.web.servlet.mvc.method.annotation.RequestMappingHandlerMapping.register:547 - Mapped "{[/hr/OaWelfare/selectWelfare]}" onto public org.springframework.http.ResponseEntity<com.kuliao.oa.domain.RetEntity<java.util.List<com.kuliao.oa.db.model.OaWelfare>>> com.kuliao.oa.controller.OaWelfareController.selectWelfare(com.kuliao.oa.db.model.OaWelfare)
2018-08-28 09:44:07.574 main INFO  org.springframework.web.servlet.mvc.method.annotation.RequestMappingHandlerMapping.register:547 - Mapped "{[/hr/OaWelfare/selectAllWelfare]}" onto public org.springframework.http.ResponseEntity<com.kuliao.oa.domain.RetEntity<java.util.List<com.kuliao.oa.db.model.OaWelfare>>> com.kuliao.oa.controller.OaWelfareController.selectAllWelfare()
2018-08-28 09:44:07.576 main INFO  org.springframework.web.servlet.mvc.method.annotation.RequestMappingHandlerMapping.register:547 - Mapped "{[/hr/OaWelfare/selectCount]}" onto public org.springframework.http.ResponseEntity<com.kuliao.oa.domain.RetEntity<java.util.Map<java.lang.String, java.lang.Double>>> com.kuliao.oa.controller.OaWelfareController.selectCount()
2018-08-28 09:44:07.595 main INFO  org.springframework.web.servlet.mvc.method.annotation.RequestMappingHandlerMapping.register:547 - Mapped "{[/error]}" onto public org.springframework.http.ResponseEntity<java.util.Map<java.lang.String, java.lang.Object>> org.springframework.boot.autoconfigure.web.servlet.error.BasicErrorController.error(javax.servlet.http.HttpServletRequest)
2018-08-28 09:44:07.598 main INFO  org.springframework.web.servlet.mvc.method.annotation.RequestMappingHandlerMapping.register:547 - Mapped "{[/error],produces=[text/html]}" onto public org.springframework.web.servlet.ModelAndView org.springframework.boot.autoconfigure.web.servlet.error.BasicErrorController.errorHtml(javax.servlet.http.HttpServletRequest,javax.servlet.http.HttpServletResponse)
2018-08-28 09:44:07.689 main INFO  org.springframework.web.servlet.handler.SimpleUrlHandlerMapping.registerHandler:373 - Mapped URL path [/webjars/**] onto handler of type [class org.springframework.web.servlet.resource.ResourceHttpRequestHandler]
2018-08-28 09:44:07.689 main INFO  org.springframework.web.servlet.handler.SimpleUrlHandlerMapping.registerHandler:373 - Mapped URL path [/**] onto handler of type [class org.springframework.web.servlet.resource.ResourceHttpRequestHandler]
2018-08-28 09:44:07.739 main INFO  org.springframework.web.servlet.mvc.method.annotation.ExceptionHandlerExceptionResolver.initExceptionHandlerAdviceCache:288 - Detected @ExceptionHandler methods in globalHandler
2018-08-28 09:44:07.947 main INFO  org.springframework.boot.autoconfigure.web.servlet.WelcomePageHandlerMapping.<init>:56 - Adding welcome page: class path resource [static/index.html]
2018-08-28 09:44:08.656 main INFO  org.springframework.jmx.export.annotation.AnnotationMBeanExporter.afterSingletonsInstantiated:433 - Registering beans for JMX exposure on startup
2018-08-28 09:44:08.662 main INFO  org.springframework.jmx.export.annotation.AnnotationMBeanExporter.autodetect:895 - Bean with name 'dataSource' has been autodetected for JMX exposure
2018-08-28 09:44:08.676 main INFO  org.springframework.jmx.export.annotation.AnnotationMBeanExporter.registerBeanInstance:668 - Located MBean 'dataSource': registering with JMX server as MBean [com.zaxxer.hikari:name=dataSource,type=HikariDataSource]
2018-08-28 09:44:08.700 main INFO  org.apache.coyote.http11.Http11NioProtocol.log:180 - Starting ProtocolHandler ["http-nio-8081"]
2018-08-28 09:44:08.721 main INFO  org.apache.tomcat.util.net.NioSelectorPool.log:180 - Using a shared selector for servlet write/read
2018-08-28 09:44:08.782 main INFO  org.springframework.boot.web.embedded.tomcat.TomcatWebServer.start:206 - Tomcat started on port(s): 8081 (http) with context path ''
2018-08-28 09:44:08.792 main INFO  com.kuliao.oa.OaHrApp1.logStarted:59 - Started OaHrApp1 in 12.279 seconds (JVM running for 17.65)
2018-08-28 15:05:40.859 http-nio-8081-exec-1 INFO  org.apache.catalina.core.ContainerBase.[Tomcat].[localhost].[/].log:180 - Initializing Spring FrameworkServlet 'dispatcherServlet'
2018-08-28 15:05:40.874 http-nio-8081-exec-1 INFO  org.springframework.web.servlet.DispatcherServlet.initServletBean:494 - FrameworkServlet 'dispatcherServlet': initialization started
2018-08-28 15:05:41.096 http-nio-8081-exec-1 INFO  org.springframework.web.servlet.DispatcherServlet.initServletBean:509 - FrameworkServlet 'dispatcherServlet': initialization completed in 220 ms
2018-08-28 15:05:42.481 http-nio-8081-exec-1 INFO  com.zaxxer.hikari.HikariDataSource.getConnection:110 - HikariPool-1 - Starting...
2018-08-28 15:05:43.221 http-nio-8081-exec-1 INFO  com.zaxxer.hikari.HikariDataSource.getConnection:123 - HikariPool-1 - Start completed.
2018-08-28 15:05:43.246 http-nio-8081-exec-1 DEBUG com.kuliao.oa.db.mapper.OaTrainMapper.selectOaTrain.debug:159 - ==>  Preparing: select id, trainer, training_content, training_place, trainees, CONCAT(LEFT(training_time,4),'年',SUBSTRING(training_time FROM 5 FOR 2),'月',SUBSTRING(training_time FROM 7 FOR 2),'日 ',RIGHT(training_time,5),'') AS training_time,training_state from oa_train where training_state=true 
2018-08-28 15:05:43.350 http-nio-8081-exec-1 DEBUG com.kuliao.oa.db.mapper.OaTrainMapper.selectOaTrain.debug:159 - ==> Parameters: 
2018-08-28 15:05:43.536 http-nio-8081-exec-1 DEBUG com.kuliao.oa.db.mapper.OaTrainMapper.selectOaTrain.debug:159 - <==      Total: 8
2018-08-28 15:05:47.377 http-nio-8081-exec-3 DEBUG com.kuliao.oa.db.mapper.OaWelfareMapper.selectBirthdayCount.debug:159 - ==>  Preparing: select COUNT(id) from oa_welfare where welfare_state=true and welfare_type='生日福利' and now_year=? 
2018-08-28 15:05:47.379 http-nio-8081-exec-2 DEBUG com.kuliao.oa.db.mapper.OaWelfareMapper.selectWelfare.debug:159 - ==>  Preparing: select id, welfare_type, gift_description,CONCAT(LEFT(release_time,4),'年',SUBSTRING(release_time FROM 5 FOR 2),'月',RIGHT(release_time,2),'日') AS release_time, specific_holiday, unit_price, w_number, now_year, welfare_state, remark from oa_welfare where welfare_state=true and now_year=? 
2018-08-28 15:05:47.385 http-nio-8081-exec-2 DEBUG com.kuliao.oa.db.mapper.OaWelfareMapper.selectWelfare.debug:159 - ==> Parameters: 2018(String)
2018-08-28 15:05:47.386 http-nio-8081-exec-3 DEBUG com.kuliao.oa.db.mapper.OaWelfareMapper.selectBirthdayCount.debug:159 - ==> Parameters: 2018(String)
2018-08-28 15:05:47.424 http-nio-8081-exec-2 DEBUG com.kuliao.oa.db.mapper.OaWelfareMapper.selectWelfare.debug:159 - <==      Total: 19
2018-08-28 15:05:47.439 http-nio-8081-exec-3 DEBUG com.kuliao.oa.db.mapper.OaWelfareMapper.selectBirthdayCount.debug:159 - <==      Total: 1
2018-08-28 15:05:47.443 http-nio-8081-exec-3 DEBUG com.kuliao.oa.db.mapper.OaWelfareMapper.selectBirthdayCost.debug:159 - ==>  Preparing: select SUM(unit_price*w_number) from oa_welfare where welfare_state=true and welfare_type='生日福利' and now_year=? 
2018-08-28 15:05:47.445 http-nio-8081-exec-3 DEBUG com.kuliao.oa.db.mapper.OaWelfareMapper.selectBirthdayCost.debug:159 - ==> Parameters: 2018(String)
2018-08-28 15:05:47.459 http-nio-8081-exec-3 DEBUG com.kuliao.oa.db.mapper.OaWelfareMapper.selectBirthdayCost.debug:159 - <==      Total: 1
2018-08-28 15:05:47.461 http-nio-8081-exec-3 DEBUG com.kuliao.oa.db.mapper.OaWelfareMapper.selectHolidayCount.debug:159 - ==>  Preparing: select COUNT(id) from oa_welfare where welfare_state=true and welfare_type='节假日福利' and now_year=? 
2018-08-28 15:05:47.464 http-nio-8081-exec-3 DEBUG com.kuliao.oa.db.mapper.OaWelfareMapper.selectHolidayCount.debug:159 - ==> Parameters: 2018(String)
2018-08-28 15:05:47.469 http-nio-8081-exec-3 DEBUG com.kuliao.oa.db.mapper.OaWelfareMapper.selectHolidayCount.debug:159 - <==      Total: 1
2018-08-28 15:05:47.472 http-nio-8081-exec-3 DEBUG com.kuliao.oa.db.mapper.OaWelfareMapper.selectHolidayCost.debug:159 - ==>  Preparing: select SUM(unit_price*w_number) from oa_welfare where welfare_state=true and welfare_type='节假日福利' and now_year=? 
2018-08-28 15:05:47.474 http-nio-8081-exec-3 DEBUG com.kuliao.oa.db.mapper.OaWelfareMapper.selectHolidayCost.debug:159 - ==> Parameters: 2018(String)
2018-08-28 15:05:47.477 http-nio-8081-exec-3 DEBUG com.kuliao.oa.db.mapper.OaWelfareMapper.selectHolidayCost.debug:159 - <==      Total: 1
2018-08-28 15:05:58.087 http-nio-8081-exec-4 DEBUG com.kuliao.oa.db.mapper.OaLaborRelationsMapper.selectOaLaborRelations.debug:159 - ==>  Preparing: select id, contract_id, employee_number, employee_name, contract_type, CONCAT(LEFT(contract_start_date,4),'年',SUBSTRING(contract_start_date FROM 5 FOR 2),'月',RIGHT(contract_start_date,2),'日') AS contract_start_date, CONCAT(LEFT(contract_end_date,4),'年',SUBSTRING(contract_end_date FROM 5 FOR 2),'月',RIGHT(contract_end_date,2),'日') AS contract_end_date, labor_state, labor_reamrk from oa_labor_relations where labor_state=true 
2018-08-28 15:05:58.088 http-nio-8081-exec-4 DEBUG com.kuliao.oa.db.mapper.OaLaborRelationsMapper.selectOaLaborRelations.debug:159 - ==> Parameters: 
2018-08-28 15:05:58.146 http-nio-8081-exec-4 DEBUG com.kuliao.oa.db.mapper.OaLaborRelationsMapper.selectOaLaborRelations.debug:159 - <==      Total: 24
2018-08-28 15:06:01.769 http-nio-8081-exec-5 DEBUG com.kuliao.oa.db.mapper.OaLaborRelationsMapper.selectOaLaborRelations.debug:159 - ==>  Preparing: select id, contract_id, employee_number, employee_name, contract_type, CONCAT(LEFT(contract_start_date,4),'年',SUBSTRING(contract_start_date FROM 5 FOR 2),'月',RIGHT(contract_start_date,2),'日') AS contract_start_date, CONCAT(LEFT(contract_end_date,4),'年',SUBSTRING(contract_end_date FROM 5 FOR 2),'月',RIGHT(contract_end_date,2),'日') AS contract_end_date, labor_state, labor_reamrk from oa_labor_relations where labor_state=true and contract_type=? 
2018-08-28 15:06:01.773 http-nio-8081-exec-5 DEBUG com.kuliao.oa.db.mapper.OaLaborRelationsMapper.selectOaLaborRelations.debug:159 - ==> Parameters: 三方协议(String)
2018-08-28 15:06:01.783 http-nio-8081-exec-5 DEBUG com.kuliao.oa.db.mapper.OaLaborRelationsMapper.selectOaLaborRelations.debug:159 - <==      Total: 5
2018-08-28 15:06:05.520 http-nio-8081-exec-6 DEBUG com.kuliao.oa.db.mapper.OaLaborRelationsMapper.selectOaLaborRelations.debug:159 - ==>  Preparing: select id, contract_id, employee_number, employee_name, contract_type, CONCAT(LEFT(contract_start_date,4),'年',SUBSTRING(contract_start_date FROM 5 FOR 2),'月',RIGHT(contract_start_date,2),'日') AS contract_start_date, CONCAT(LEFT(contract_end_date,4),'年',SUBSTRING(contract_end_date FROM 5 FOR 2),'月',RIGHT(contract_end_date,2),'日') AS contract_end_date, labor_state, labor_reamrk from oa_labor_relations where labor_state=true and contract_type=? 
2018-08-28 15:06:05.522 http-nio-8081-exec-6 DEBUG com.kuliao.oa.db.mapper.OaLaborRelationsMapper.selectOaLaborRelations.debug:159 - ==> Parameters: 劳动合同(String)
2018-08-28 15:06:05.537 http-nio-8081-exec-6 DEBUG com.kuliao.oa.db.mapper.OaLaborRelationsMapper.selectOaLaborRelations.debug:159 - <==      Total: 13
2018-08-28 15:06:09.378 http-nio-8081-exec-7 DEBUG com.kuliao.oa.db.mapper.OaLaborRelationsMapper.selectOaLaborRelations.debug:159 - ==>  Preparing: select id, contract_id, employee_number, employee_name, contract_type, CONCAT(LEFT(contract_start_date,4),'年',SUBSTRING(contract_start_date FROM 5 FOR 2),'月',RIGHT(contract_start_date,2),'日') AS contract_start_date, CONCAT(LEFT(contract_end_date,4),'年',SUBSTRING(contract_end_date FROM 5 FOR 2),'月',RIGHT(contract_end_date,2),'日') AS contract_end_date, labor_state, labor_reamrk from oa_labor_relations where labor_state=true and contract_type=? 
2018-08-28 15:06:09.381 http-nio-8081-exec-7 DEBUG com.kuliao.oa.db.mapper.OaLaborRelationsMapper.selectOaLaborRelations.debug:159 - ==> Parameters: 试用期协议(String)
2018-08-28 15:06:09.390 http-nio-8081-exec-7 DEBUG com.kuliao.oa.db.mapper.OaLaborRelationsMapper.selectOaLaborRelations.debug:159 - <==      Total: 5
2018-08-28 15:06:12.700 http-nio-8081-exec-8 DEBUG com.kuliao.oa.db.mapper.OaLaborRelationsMapper.selectOaLaborRelations.debug:159 - ==>  Preparing: select id, contract_id, employee_number, employee_name, contract_type, CONCAT(LEFT(contract_start_date,4),'年',SUBSTRING(contract_start_date FROM 5 FOR 2),'月',RIGHT(contract_start_date,2),'日') AS contract_start_date, CONCAT(LEFT(contract_end_date,4),'年',SUBSTRING(contract_end_date FROM 5 FOR 2),'月',RIGHT(contract_end_date,2),'日') AS contract_end_date, labor_state, labor_reamrk from oa_labor_relations where labor_state=true 
2018-08-28 15:06:12.702 http-nio-8081-exec-8 DEBUG com.kuliao.oa.db.mapper.OaLaborRelationsMapper.selectOaLaborRelations.debug:159 - ==> Parameters: 
2018-08-28 15:06:12.721 http-nio-8081-exec-8 DEBUG com.kuliao.oa.db.mapper.OaLaborRelationsMapper.selectOaLaborRelations.debug:159 - <==      Total: 24
2018-08-28 17:56:07.797 http-nio-8081-exec-9 DEBUG com.kuliao.oa.db.mapper.OaLaborRelationsMapper.selectOaLaborRelations.debug:159 - ==>  Preparing: select id, contract_id, employee_number, employee_name, contract_type, CONCAT(LEFT(contract_start_date,4),'年',SUBSTRING(contract_start_date FROM 5 FOR 2),'月',RIGHT(contract_start_date,2),'日') AS contract_start_date, CONCAT(LEFT(contract_end_date,4),'年',SUBSTRING(contract_end_date FROM 5 FOR 2),'月',RIGHT(contract_end_date,2),'日') AS contract_end_date, labor_state, labor_reamrk from oa_labor_relations where labor_state=true and contract_type=? 
2018-08-28 17:56:07.805 http-nio-8081-exec-9 DEBUG com.kuliao.oa.db.mapper.OaLaborRelationsMapper.selectOaLaborRelations.debug:159 - ==> Parameters: 劳动合同(String)
2018-08-28 17:56:07.943 http-nio-8081-exec-9 DEBUG com.kuliao.oa.db.mapper.OaLaborRelationsMapper.selectOaLaborRelations.debug:159 - <==      Total: 13
2018-08-28 17:56:15.307 http-nio-8081-exec-10 DEBUG com.kuliao.oa.db.mapper.OaLaborRelationsMapper.selectOaLaborRelations.debug:159 - ==>  Preparing: select id, contract_id, employee_number, employee_name, contract_type, CONCAT(LEFT(contract_start_date,4),'年',SUBSTRING(contract_start_date FROM 5 FOR 2),'月',RIGHT(contract_start_date,2),'日') AS contract_start_date, CONCAT(LEFT(contract_end_date,4),'年',SUBSTRING(contract_end_date FROM 5 FOR 2),'月',RIGHT(contract_end_date,2),'日') AS contract_end_date, labor_state, labor_reamrk from oa_labor_relations where labor_state=true 
2018-08-28 17:56:15.309 http-nio-8081-exec-10 DEBUG com.kuliao.oa.db.mapper.OaLaborRelationsMapper.selectOaLaborRelations.debug:159 - ==> Parameters: 
2018-08-28 17:56:15.326 http-nio-8081-exec-10 DEBUG com.kuliao.oa.db.mapper.OaLaborRelationsMapper.selectOaLaborRelations.debug:159 - <==      Total: 24
2018-08-28 17:56:38.707 http-nio-8081-exec-1 DEBUG com.kuliao.oa.db.mapper.OaLaborRelationsMapper.selectOaLaborRelations.debug:159 - ==>  Preparing: select id, contract_id, employee_number, employee_name, contract_type, CONCAT(LEFT(contract_start_date,4),'年',SUBSTRING(contract_start_date FROM 5 FOR 2),'月',RIGHT(contract_start_date,2),'日') AS contract_start_date, CONCAT(LEFT(contract_end_date,4),'年',SUBSTRING(contract_end_date FROM 5 FOR 2),'月',RIGHT(contract_end_date,2),'日') AS contract_end_date, labor_state, labor_reamrk from oa_labor_relations where labor_state=true 
2018-08-28 17:56:38.711 http-nio-8081-exec-1 DEBUG com.kuliao.oa.db.mapper.OaLaborRelationsMapper.selectOaLaborRelations.debug:159 - ==> Parameters: 
2018-08-28 17:56:38.730 http-nio-8081-exec-1 DEBUG com.kuliao.oa.db.mapper.OaLaborRelationsMapper.selectOaLaborRelations.debug:159 - <==      Total: 24
